# JRE version: OpenJDK Runtime Environment (20.0.2+9) (build 20.0.2+9-78)
# Java VM: OpenJDK 64-Bit Server VM (20.0.2+9-78, mixed mode, sharing, tiered, compressed oops, compressed class ptrs, g1 gc, windows-amd64)
GC Precious Log:
 CardTable entry size: 512
 Card Set container configuration: InlinePtr #cards 5 size 8 Array Of Cards #cards 12 size 40 Howl #buckets 4 coarsen threshold 1843 Howl Bitmap #cards 512 size 80 coarsen threshold 460 Card regions per heap region 1 cards per card region 2048
 CPUs: 12 total, 12 available
 Memory: 6005M
 Large Page Support: Disabled
 NUMA Support: Disabled
 Compressed Oops: Enabled (32-bit)
 Heap Region Size: 1M
 Heap Min Capacity: 8M
 Heap Initial Capacity: 94M
 Heap Max Capacity: 1502M
 Pre-touch: Disabled
 Parallel Workers: 10
 Concurrent Workers: 3
 Concurrent Refinement Workers: 10
 Periodic GC: Disabled
Heap:
 garbage-first heap   total 73728K, used 45185K [0x00000000a2200000, 0x0000000100000000)
  region size 1024K, 20 young (20480K), 3 survivors (3072K)
 Metaspace       used 67643K, committed 68672K, reserved 1114112K
  class space    used 8786K, committed 9216K, reserved 1048576K
GC Heap History (20 events):
Event: 4.404 GC heap before
{Heap before GC invocations=5 (full 0):
 garbage-first heap   total 61440K, used 41698K [0x00000000a2200000, 0x0000000100000000)
  region size 1024K, 32 young (32768K), 7 survivors (7168K)
 Metaspace       used 35540K, committed 36096K, reserved 1114112K
  class space    used 4403K, committed 4672K, reserved 1048576K
}
Event: 4.409 GC heap after
{Heap after GC invocations=6 (full 0):
 garbage-first heap   total 61440K, used 19817K [0x00000000a2200000, 0x0000000100000000)
  region size 1024K, 3 young (3072K), 3 survivors (3072K)
 Metaspace       used 35540K, committed 36096K, reserved 1114112K
  class space    used 4403K, committed 4672K, reserved 1048576K
}
Event: 4.434 GC heap before
{Heap before GC invocations=6 (full 0):
 garbage-first heap   total 61440K, used 20841K [0x00000000a2200000, 0x0000000100000000)
  region size 1024K, 5 young (5120K), 3 survivors (3072K)
 Metaspace       used 35854K, committed 36416K, reserved 1114112K
  class space    used 4461K, committed 4736K, reserved 1048576K
}
Event: 4.436 GC heap after
{Heap after GC invocations=7 (full 0):
 garbage-first heap   total 61440K, used 19547K [0x00000000a2200000, 0x0000000100000000)
  region size 1024K, 3 young (3072K), 3 survivors (3072K)
 Metaspace       used 35854K, committed 36416K, reserved 1114112K
  class space    used 4461K, committed 4736K, reserved 1048576K
}
Event: 5.442 GC heap before
{Heap before GC invocations=8 (full 0):
 garbage-first heap   total 61440K, used 49243K [0x00000000a2200000, 0x0000000100000000)
  region size 1024K, 33 young (33792K), 3 survivors (3072K)
 Metaspace       used 46621K, committed 47168K, reserved 1114112K
  class space    used 5836K, committed 6080K, reserved 1048576K
}
Event: 5.445 GC heap after
{Heap after GC invocations=9 (full 0):
 garbage-first heap   total 61440K, used 21787K [0x00000000a2200000, 0x0000000100000000)
  region size 1024K, 5 young (5120K), 5 survivors (5120K)
 Metaspace       used 46621K, committed 47168K, reserved 1114112K
  class space    used 5836K, committed 6080K, reserved 1048576K
}
Event: 6.280 GC heap before
{Heap before GC invocations=9 (full 0):
 garbage-first heap   total 61440K, used 50459K [0x00000000a2200000, 0x0000000100000000)
  region size 1024K, 34 young (34816K), 5 survivors (5120K)
 Metaspace       used 55565K, committed 56192K, reserved 1114112K
  class space    used 7205K, committed 7488K, reserved 1048576K
}
Event: 6.285 GC heap after
{Heap after GC invocations=10 (full 0):
 garbage-first heap   total 61440K, used 23371K [0x00000000a2200000, 0x0000000100000000)
  region size 1024K, 5 young (5120K), 5 survivors (5120K)
 Metaspace       used 55565K, committed 56192K, reserved 1114112K
  class space    used 7205K, committed 7488K, reserved 1048576K
}
Event: 7.004 GC heap before
{Heap before GC invocations=10 (full 0):
 garbage-first heap   total 61440K, used 41803K [0x00000000a2200000, 0x0000000100000000)
  region size 1024K, 24 young (24576K), 5 survivors (5120K)
 Metaspace       used 60388K, committed 60928K, reserved 1114112K
  class space    used 7817K, committed 8064K, reserved 1048576K
}
Event: 7.008 GC heap after
{Heap after GC invocations=11 (full 0):
 garbage-first heap   total 61440K, used 24875K [0x00000000a2200000, 0x0000000100000000)
  region size 1024K, 4 young (4096K), 4 survivors (4096K)
 Metaspace       used 60388K, committed 60928K, reserved 1114112K
  class space    used 7817K, committed 8064K, reserved 1048576K
}
Event: 7.557 GC heap before
{Heap before GC invocations=12 (full 0):
 garbage-first heap   total 61440K, used 53547K [0x00000000a2200000, 0x0000000100000000)
  region size 1024K, 32 young (32768K), 4 survivors (4096K)
 Metaspace       used 63115K, committed 63808K, reserved 1114112K
  class space    used 8276K, committed 8576K, reserved 1048576K
}
Event: 7.561 GC heap after
{Heap after GC invocations=13 (full 0):
 garbage-first heap   total 61440K, used 27383K [0x00000000a2200000, 0x0000000100000000)
  region size 1024K, 4 young (4096K), 4 survivors (4096K)
 Metaspace       used 63115K, committed 63808K, reserved 1114112K
  class space    used 8276K, committed 8576K, reserved 1048576K
}
Event: 293.477 GC heap before
{Heap before GC invocations=13 (full 0):
 garbage-first heap   total 61440K, used 54007K [0x00000000a2200000, 0x0000000100000000)
  region size 1024K, 30 young (30720K), 4 survivors (4096K)
 Metaspace       used 67607K, committed 68352K, reserved 1114112K
  class space    used 8852K, committed 9216K, reserved 1048576K
}
Event: 293.549 GC heap after
{Heap after GC invocations=14 (full 0):
 garbage-first heap   total 61440K, used 28564K [0x00000000a2200000, 0x0000000100000000)
  region size 1024K, 2 young (2048K), 2 survivors (2048K)
 Metaspace       used 67607K, committed 68352K, reserved 1114112K
  class space    used 8852K, committed 9216K, reserved 1048576K
}
Event: 1769.058 GC heap before
{Heap before GC invocations=14 (full 0):
 garbage-first heap   total 61440K, used 54164K [0x00000000a2200000, 0x0000000100000000)
  region size 1024K, 27 young (27648K), 2 survivors (2048K)
 Metaspace       used 67711K, committed 68480K, reserved 1114112K
  class space    used 8857K, committed 9216K, reserved 1048576K
}
Event: 1769.068 GC heap after
{Heap after GC invocations=15 (full 0):
 garbage-first heap   total 61440K, used 28624K [0x00000000a2200000, 0x0000000100000000)
  region size 1024K, 2 young (2048K), 2 survivors (2048K)
 Metaspace       used 67711K, committed 68480K, reserved 1114112K
  class space    used 8857K, committed 9216K, reserved 1048576K
}
Event: 3234.832 GC heap before
{Heap before GC invocations=15 (full 0):
 garbage-first heap   total 61440K, used 55248K [0x00000000a2200000, 0x0000000100000000)
  region size 1024K, 28 young (28672K), 2 survivors (2048K)
 Metaspace       used 67798K, committed 68608K, reserved 1114112K
  class space    used 8857K, committed 9216K, reserved 1048576K
}
Event: 3234.848 GC heap after
{Heap after GC invocations=16 (full 0):
 garbage-first heap   total 61440K, used 28972K [0x00000000a2200000, 0x0000000100000000)
  region size 1024K, 3 young (3072K), 3 survivors (3072K)
 Metaspace       used 67798K, committed 68608K, reserved 1114112K
  class space    used 8857K, committed 9216K, reserved 1048576K
}
Event: 4522.370 GC heap before
{Heap before GC invocations=17 (full 0):
 garbage-first heap   total 61440K, used 53548K [0x00000000a2200000, 0x0000000100000000)
  region size 1024K, 27 young (27648K), 3 survivors (3072K)
 Metaspace       used 67550K, committed 68608K, reserved 1114112K
  class space    used 8775K, committed 9216K, reserved 1048576K
}
Event: 4522.376 GC heap after
{Heap after GC invocations=18 (full 0):
 garbage-first heap   total 73728K, used 28801K [0x00000000a2200000, 0x0000000100000000)
  region size 1024K, 3 young (3072K), 3 survivors (3072K)
 Metaspace       used 67550K, committed 68608K, reserved 1114112K
  class space    used 8775K, committed 9216K, reserved 1048576K
}

